Reading netlist file: "E:\board-stm32f103rc-berial\7.Example\std\fpga\gowin\impl\gwsynthesis\demo.vg"
Parsing netlist file "E:\board-stm32f103rc-berial\7.Example\std\fpga\gowin\impl\gwsynthesis\demo.vg" completed
Processing netlist completed
Reading constraint file: "E:\board-stm32f103rc-berial\7.Example\std\fpga\gowin\src\demo.cst"
Physical Constraint parsed completed
Running placement......
[10%] Placement Phase 0 completed
[20%] Placement Phase 1 completed
[30%] Placement Phase 2 completed
[50%] Placement Phase 3 completed
Running routing......
[60%] Routing Phase 0 completed
[70%] Routing Phase 1 completed
[80%] Routing Phase 2 completed
[90%] Routing Phase 3 completed
Running timing analysis......
[95%] Timing analysis completed
Placement and routing completed
Bitstream generation in progress......
Bitstream generation completed
Running power analysis......
[100%] Power analysis completed
Generate file "E:\board-stm32f103rc-berial\7.Example\std\fpga\gowin\impl\pnr\demo.power.html" completed
Generate file "E:\board-stm32f103rc-berial\7.Example\std\fpga\gowin\impl\pnr\demo.pin.html" completed
Generate file "E:\board-stm32f103rc-berial\7.Example\std\fpga\gowin\impl\pnr\demo.rpt.html" completed
Generate file "E:\board-stm32f103rc-berial\7.Example\std\fpga\gowin\impl\pnr\demo.rpt.txt" completed
Generate file "E:\board-stm32f103rc-berial\7.Example\std\fpga\gowin\impl\pnr\demo.tr.html" completed
Fri Mar 17 15:53:55 2023

